2020-06-07 12:01:21,296 [INFO] Activator:176 - 


2020-06-07 12:01:21,298 [INFO] Activator:177 - !SESSION log4j initialized
2020-06-07 12:04:18,783 [INFO] ApplicationProperties:181 - Using Application install path: C:\ST\STM32CubeIDE_1.3.0\STM32CubeIDE\plugins\com.st.stm32cube.common.mx_5.6.0.202002181639
2020-06-07 12:04:18,793 [INFO] DbMcusXml:72 - Set database path to: C:\ST\STM32CubeIDE_1.3.0\STM32CubeIDE\plugins\com.st.stm32cube.common.mx_5.6.0.202002181639\\db\/mcu/
2020-06-07 12:04:18,796 [INFO] DbBoardsPdsc:54 - Set plugin database path to: C:\ST\STM32CubeIDE_1.3.0\STM32CubeIDE\plugins\com.st.stm32cube.common.mx_5.6.0.202002181639\\db\/plugins/boardmanager/
2020-06-07 12:04:18,796 [INFO] DbMcus:235 - Set plugin images path to: C:\ST\STM32CubeIDE_1.3.0\STM32CubeIDE\plugins\com.st.stm32cube.common.mx_5.6.0.202002181639\\db\/plugins/mcufinder/images/
2020-06-07 12:04:18,796 [INFO] DbBoards:232 - Set plugin images path to: C:\ST\STM32CubeIDE_1.3.0\STM32CubeIDE\plugins\com.st.stm32cube.common.mx_5.6.0.202002181639\\db\/plugins/mcufinder/images/
2020-06-07 12:04:18,803 [INFO] DbMcusAds:85 - Set database path to: C:\Users\Maria Bel\.stmcufinder\plugins\mcufinder//mcu/
2020-06-07 12:04:18,803 [INFO] DbMcusDocs:108 - Set database path to: C:\Users\Maria Bel\.stmcufinder\plugins\mcufinder//mcu/
2020-06-07 12:04:18,805 [INFO] DbMcusJson:61 - Set database path to: C:\Users\Maria Bel\.stmcufinder\plugins\mcufinder//mcu/
2020-06-07 12:04:18,806 [INFO] DbBoardsDocs:97 - Set database path to: C:\Users\Maria Bel\.stmcufinder\plugins\mcufinder//mcu/
2020-06-07 12:04:18,807 [INFO] DbBoardsJson:51 - Set database path to: C:\Users\Maria Bel\.stmcufinder\plugins\mcufinder//mcu/
2020-06-07 12:04:19,000 [INFO] CrossReferenceDbSqlite:197 - Set database path to: C:\Users\Maria Bel\.stmcufinder\plugins\mcufinder//mcu/cs/
2020-06-07 12:04:19,105 [INFO] RulesReader:52 - Compatibility file has been processed (208 Rules)
2020-06-07 12:04:19,186 [INFO] MicroXplorer:570 - Detected Java Version = 1.8.0_242
2020-06-07 12:04:19,187 [INFO] DbMcusXml:72 - Set database path to: C:\ST\STM32CubeIDE_1.3.0\STM32CubeIDE\plugins\com.st.stm32cube.common.mx_5.6.0.202002181639\\db\/mcu/
2020-06-07 12:04:19,187 [INFO] DbBoardsPdsc:54 - Set plugin database path to: C:\ST\STM32CubeIDE_1.3.0\STM32CubeIDE\plugins\com.st.stm32cube.common.mx_5.6.0.202002181639\\db\/plugins/boardmanager/
2020-06-07 12:04:19,187 [INFO] DbMcus:235 - Set plugin images path to: C:\ST\STM32CubeIDE_1.3.0\STM32CubeIDE\plugins\com.st.stm32cube.common.mx_5.6.0.202002181639\\db\/plugins/mcufinder/images/
2020-06-07 12:04:19,188 [INFO] DbBoards:232 - Set plugin images path to: C:\ST\STM32CubeIDE_1.3.0\STM32CubeIDE\plugins\com.st.stm32cube.common.mx_5.6.0.202002181639\\db\/plugins/mcufinder/images/
2020-06-07 12:04:19,189 [WARN] DbFile:36 - Overriding database path with different value: C:\Users\Maria Bel\.stmcufinder\plugins\mcufinder/ => C:\Users\Maria Bel\.stmcufinder\plugins\mcufinder
2020-06-07 12:04:19,189 [INFO] DbMcusAds:85 - Set database path to: C:\Users\Maria Bel\.stmcufinder\plugins\mcufinder//mcu/
2020-06-07 12:04:19,189 [WARN] DbFile:36 - Overriding database path with different value: C:\Users\Maria Bel\.stmcufinder\plugins\mcufinder/ => C:\Users\Maria Bel\.stmcufinder\plugins\mcufinder
2020-06-07 12:04:19,189 [INFO] DbMcusDocs:108 - Set database path to: C:\Users\Maria Bel\.stmcufinder\plugins\mcufinder//mcu/
2020-06-07 12:04:19,189 [WARN] DbFile:36 - Overriding database path with different value: C:\Users\Maria Bel\.stmcufinder\plugins\mcufinder/ => C:\Users\Maria Bel\.stmcufinder\plugins\mcufinder
2020-06-07 12:04:19,189 [INFO] DbMcusJson:61 - Set database path to: C:\Users\Maria Bel\.stmcufinder\plugins\mcufinder//mcu/
2020-06-07 12:04:19,190 [WARN] DbFile:36 - Overriding database path with different value: C:\Users\Maria Bel\.stmcufinder\plugins\mcufinder/ => C:\Users\Maria Bel\.stmcufinder\plugins\mcufinder
2020-06-07 12:04:19,190 [INFO] DbBoardsDocs:97 - Set database path to: C:\Users\Maria Bel\.stmcufinder\plugins\mcufinder//mcu/
2020-06-07 12:04:19,190 [WARN] DbFile:36 - Overriding database path with different value: C:\Users\Maria Bel\.stmcufinder\plugins\mcufinder/ => C:\Users\Maria Bel\.stmcufinder\plugins\mcufinder
2020-06-07 12:04:19,190 [INFO] DbBoardsJson:51 - Set database path to: C:\Users\Maria Bel\.stmcufinder\plugins\mcufinder//mcu/
2020-06-07 12:04:19,190 [WARN] DbFile:36 - Overriding database path with different value: C:\Users\Maria Bel\.stmcufinder\plugins\mcufinder/ => C:\Users\Maria Bel\.stmcufinder\plugins\mcufinder
2020-06-07 12:04:19,191 [WARN] DbFile:36 - Overriding database path with different value: C:\Users\Maria Bel\.stmcufinder\plugins\mcufinder/ => C:\Users\Maria Bel\.stmcufinder\plugins\mcufinder
2020-06-07 12:04:19,191 [INFO] CrossReferenceDbSqlite:197 - Set database path to: C:\Users\Maria Bel\.stmcufinder\plugins\mcufinder//mcu/cs/
2020-06-07 12:04:19,251 [INFO] MainPanel:181 - HeapMemory: 320864256
2020-06-07 12:04:19,312 [INFO] DbMcusXml:72 - Set database path to: C:\ST\STM32CubeIDE_1.3.0\STM32CubeIDE\plugins\com.st.stm32cube.common.mx_5.6.0.202002181639\\db\/mcu/
2020-06-07 12:04:19,312 [INFO] DbBoardsPdsc:54 - Set plugin database path to: C:\ST\STM32CubeIDE_1.3.0\STM32CubeIDE\plugins\com.st.stm32cube.common.mx_5.6.0.202002181639\\db\/plugins/boardmanager/
2020-06-07 12:04:19,312 [INFO] DbMcus:235 - Set plugin images path to: C:\ST\STM32CubeIDE_1.3.0\STM32CubeIDE\plugins\com.st.stm32cube.common.mx_5.6.0.202002181639\\db\/plugins/mcufinder/images/
2020-06-07 12:04:19,312 [INFO] DbBoards:232 - Set plugin images path to: C:\ST\STM32CubeIDE_1.3.0\STM32CubeIDE\plugins\com.st.stm32cube.common.mx_5.6.0.202002181639\\db\/plugins/mcufinder/images/
2020-06-07 12:04:19,313 [WARN] DbFile:36 - Overriding database path with different value: C:\Users\Maria Bel\.stmcufinder\plugins\mcufinder/ => C:\Users\Maria Bel\.stmcufinder\plugins\mcufinder
2020-06-07 12:04:19,313 [INFO] DbMcusAds:85 - Set database path to: C:\Users\Maria Bel\.stmcufinder\plugins\mcufinder//mcu/
2020-06-07 12:04:19,313 [WARN] DbFile:36 - Overriding database path with different value: C:\Users\Maria Bel\.stmcufinder\plugins\mcufinder/ => C:\Users\Maria Bel\.stmcufinder\plugins\mcufinder
2020-06-07 12:04:19,314 [INFO] DbMcusDocs:108 - Set database path to: C:\Users\Maria Bel\.stmcufinder\plugins\mcufinder//mcu/
2020-06-07 12:04:19,314 [WARN] DbFile:36 - Overriding database path with different value: C:\Users\Maria Bel\.stmcufinder\plugins\mcufinder/ => C:\Users\Maria Bel\.stmcufinder\plugins\mcufinder
2020-06-07 12:04:19,314 [INFO] DbMcusJson:61 - Set database path to: C:\Users\Maria Bel\.stmcufinder\plugins\mcufinder//mcu/
2020-06-07 12:04:19,314 [WARN] DbFile:36 - Overriding database path with different value: C:\Users\Maria Bel\.stmcufinder\plugins\mcufinder/ => C:\Users\Maria Bel\.stmcufinder\plugins\mcufinder
2020-06-07 12:04:19,314 [INFO] DbBoardsDocs:97 - Set database path to: C:\Users\Maria Bel\.stmcufinder\plugins\mcufinder//mcu/
2020-06-07 12:04:19,314 [WARN] DbFile:36 - Overriding database path with different value: C:\Users\Maria Bel\.stmcufinder\plugins\mcufinder/ => C:\Users\Maria Bel\.stmcufinder\plugins\mcufinder
2020-06-07 12:04:19,314 [INFO] DbBoardsJson:51 - Set database path to: C:\Users\Maria Bel\.stmcufinder\plugins\mcufinder//mcu/
2020-06-07 12:04:19,315 [WARN] DbFile:36 - Overriding database path with different value: C:\Users\Maria Bel\.stmcufinder\plugins\mcufinder/ => C:\Users\Maria Bel\.stmcufinder\plugins\mcufinder
2020-06-07 12:04:19,315 [WARN] DbFile:36 - Overriding database path with different value: C:\Users\Maria Bel\.stmcufinder\plugins\mcufinder/ => C:\Users\Maria Bel\.stmcufinder\plugins\mcufinder
2020-06-07 12:04:19,315 [INFO] CrossReferenceDbSqlite:197 - Set database path to: C:\Users\Maria Bel\.stmcufinder\plugins\mcufinder//mcu/cs/
2020-06-07 12:04:19,330 [INFO] ApplicationProperties:181 - Using Application install path: C:\ST\STM32CubeIDE_1.3.0\STM32CubeIDE\plugins\com.st.stm32cube.common.mx_5.6.0.202002181639
2020-06-07 12:04:19,332 [INFO] PluginManage:178 - Search for loadable plugins [exclusion list=, tutovideos]
2020-06-07 12:04:19,333 [INFO] PluginManage:292 - Check plugin analytics
2020-06-07 12:04:19,338 [INFO] PluginManage:342 - Loaded plugin analytics (category:tool,tabindex:-1)
2020-06-07 12:04:19,338 [INFO] PluginManage:292 - Check plugin clock
2020-06-07 12:04:19,347 [INFO] PluginManage:342 - Loaded plugin clock (category:base,tabindex:2)
2020-06-07 12:04:19,347 [INFO] PluginManage:292 - Check plugin ddr
2020-06-07 12:04:19,350 [INFO] PluginManage:342 - Loaded plugin ddr (category:tool,tabindex:6)
2020-06-07 12:04:19,350 [INFO] PluginManage:292 - Check plugin filemanager
2020-06-07 12:04:19,451 [INFO] PluginManage:342 - Loaded plugin filemanager (category:base,tabindex:10)
2020-06-07 12:04:19,451 [INFO] PluginManage:292 - Check plugin ipmanager
2020-06-07 12:04:19,459 [INFO] PluginManage:342 - Loaded plugin ipmanager (category:base,tabindex:5)
2020-06-07 12:04:19,459 [INFO] PluginManage:292 - Check plugin pinoutandconfiguration
2020-06-07 12:04:19,467 [INFO] PluginManage:342 - Loaded plugin pinoutandconfiguration (category:base,tabindex:1)
2020-06-07 12:04:19,468 [INFO] PluginManage:292 - Check plugin pinoutconfig
2020-06-07 12:04:19,494 [INFO] PluginManage:342 - Loaded plugin pinoutconfig (category:base,tabindex:0)
2020-06-07 12:04:19,494 [INFO] PluginManage:292 - Check plugin power
2020-06-07 12:04:19,503 [INFO] PluginManage:342 - Loaded plugin power (category:power,tabindex:4)
2020-06-07 12:04:19,503 [INFO] PluginManage:292 - Check plugin projectmanager
2020-06-07 12:04:19,518 [INFO] PluginManage:342 - Loaded plugin projectmanager (category:projectmanager,tabindex:3)
2020-06-07 12:04:19,518 [INFO] PluginManage:292 - Check plugin thirdparty
2020-06-07 12:04:19,586 [INFO] ThirdPartyDb:295 - Open Third Party DataBase File (C:/Users/Maria Bel/.stm32cubemx/plugins/thirdparty/db/thirdparties_db.xml) : 44 ms. number of Sw pack : 17
2020-06-07 12:04:19,597 [INFO] PluginManage:342 - Loaded plugin thirdparty (category:base,tabindex:-1)
2020-06-07 12:04:19,598 [INFO] PluginManage:292 - Check plugin tools
2020-06-07 12:04:19,601 [INFO] PluginManage:342 - Loaded plugin tools (category:base,tabindex:7)
2020-06-07 12:04:19,601 [INFO] PluginManage:292 - Check plugin tutovideos
2020-06-07 12:04:19,601 [INFO] PluginManage:347 - Ignore plugin tutovideos (category:base)
2020-06-07 12:04:19,602 [INFO] PluginManage:292 - Check plugin updater
2020-06-07 12:04:19,616 [INFO] PluginManage:342 - Loaded plugin updater (category:base,tabindex:12)
2020-06-07 12:04:19,616 [INFO] PluginManage:265 - PluginManage : Loaded plugins [12]
2020-06-07 12:04:19,788 [INFO] PinOutPanel:1420 - setPackage(No Configuration,No Configuration)
2020-06-07 12:04:19,854 [INFO] IPUIPlugin:65 - create IPUIPlugin
2020-06-07 12:04:19,854 [INFO] PluginManager:200 - loadIPPluginJar : add adc
2020-06-07 12:04:19,856 [INFO] IPUIPlugin:65 - create IPUIPlugin
2020-06-07 12:04:19,856 [INFO] PluginManager:200 - loadIPPluginJar : add aes
2020-06-07 12:04:19,858 [INFO] IPUIPlugin:65 - create IPUIPlugin
2020-06-07 12:04:19,858 [INFO] PluginManager:200 - loadIPPluginJar : add can
2020-06-07 12:04:19,860 [INFO] IPUIPlugin:65 - create IPUIPlugin
2020-06-07 12:04:19,860 [INFO] PluginManager:200 - loadIPPluginJar : add comp
2020-06-07 12:04:19,862 [INFO] IPUIPlugin:65 - create IPUIPlugin
2020-06-07 12:04:19,862 [INFO] PluginManager:200 - loadIPPluginJar : add cryp
2020-06-07 12:04:19,864 [INFO] IPUIPlugin:65 - create IPUIPlugin
2020-06-07 12:04:19,864 [INFO] PluginManager:200 - loadIPPluginJar : add dfsdm
2020-06-07 12:04:19,868 [INFO] IPUIPlugin:65 - create IPUIPlugin
2020-06-07 12:04:19,869 [INFO] PluginManager:200 - loadIPPluginJar : add dma
2020-06-07 12:04:19,870 [INFO] IPUIPlugin:65 - create IPUIPlugin
2020-06-07 12:04:19,871 [INFO] PluginManager:200 - loadIPPluginJar : add fatfs
2020-06-07 12:04:19,874 [INFO] IPUIPlugin:65 - create IPUIPlugin
2020-06-07 12:04:19,874 [INFO] PluginManager:200 - loadIPPluginJar : add fmc
2020-06-07 12:04:19,911 [INFO] IPUIPlugin:65 - create IPUIPlugin
2020-06-07 12:04:19,912 [INFO] PluginManager:200 - loadIPPluginJar : add freertos
2020-06-07 12:04:19,914 [INFO] IPUIPlugin:65 - create IPUIPlugin
2020-06-07 12:04:19,914 [INFO] PluginManager:200 - loadIPPluginJar : add genericplugin
2020-06-07 12:04:19,916 [INFO] IPUIPlugin:65 - create IPUIPlugin
2020-06-07 12:04:19,917 [INFO] PluginManager:200 - loadIPPluginJar : add gfxmmu
2020-06-07 12:04:19,921 [INFO] IPUIPlugin:65 - create IPUIPlugin
2020-06-07 12:04:19,921 [INFO] PluginManager:200 - loadIPPluginJar : add gic
2020-06-07 12:04:19,924 [INFO] IPUIPlugin:65 - create IPUIPlugin
2020-06-07 12:04:19,924 [INFO] PluginManager:200 - loadIPPluginJar : add gpio
2020-06-07 12:04:19,926 [INFO] IPUIPlugin:65 - create IPUIPlugin
2020-06-07 12:04:19,926 [INFO] PluginManager:200 - loadIPPluginJar : add gtzc
2020-06-07 12:04:19,928 [INFO] IPUIPlugin:65 - create IPUIPlugin
2020-06-07 12:04:19,928 [INFO] PluginManager:200 - loadIPPluginJar : add hash
2020-06-07 12:04:19,929 [INFO] IPUIPlugin:65 - create IPUIPlugin
2020-06-07 12:04:19,930 [INFO] PluginManager:200 - loadIPPluginJar : add i2c
2020-06-07 12:04:19,931 [INFO] IPUIPlugin:65 - create IPUIPlugin
2020-06-07 12:04:19,931 [INFO] PluginManager:200 - loadIPPluginJar : add i2s
2020-06-07 12:04:19,933 [INFO] IPUIPlugin:65 - create IPUIPlugin
2020-06-07 12:04:19,934 [INFO] PluginManager:200 - loadIPPluginJar : add ipddr
2020-06-07 12:04:19,935 [INFO] IPUIPlugin:65 - create IPUIPlugin
2020-06-07 12:04:19,935 [INFO] PluginManager:200 - loadIPPluginJar : add ltdc
2020-06-07 12:04:19,937 [INFO] IPUIPlugin:65 - create IPUIPlugin
2020-06-07 12:04:19,937 [INFO] PluginManager:200 - loadIPPluginJar : add mdma
2020-06-07 12:04:19,940 [INFO] IPUIPlugin:65 - create IPUIPlugin
2020-06-07 12:04:19,940 [INFO] PluginManager:200 - loadIPPluginJar : add nvic
2020-06-07 12:04:19,941 [INFO] IPUIPlugin:65 - create IPUIPlugin
2020-06-07 12:04:19,942 [INFO] PluginManager:200 - loadIPPluginJar : add opamp
2020-06-07 12:04:19,944 [INFO] IPUIPlugin:65 - create IPUIPlugin
2020-06-07 12:04:19,944 [INFO] PluginManager:200 - loadIPPluginJar : add pdm2pcm
2020-06-07 12:04:19,949 [INFO] IPUIPlugin:65 - create IPUIPlugin
2020-06-07 12:04:19,951 [INFO] PluginManager:200 - loadIPPluginJar : add plateformsettings
2020-06-07 12:04:19,952 [INFO] IPUIPlugin:65 - create IPUIPlugin
2020-06-07 12:04:19,953 [INFO] PluginManager:200 - loadIPPluginJar : add quadspi
2020-06-07 12:04:19,955 [INFO] IPUIPlugin:65 - create IPUIPlugin
2020-06-07 12:04:19,955 [INFO] PluginManager:200 - loadIPPluginJar : add resmgrutility
2020-06-07 12:04:19,957 [INFO] IPUIPlugin:65 - create IPUIPlugin
2020-06-07 12:04:19,957 [INFO] PluginManager:200 - loadIPPluginJar : add sai
2020-06-07 12:04:19,958 [INFO] IPUIPlugin:65 - create IPUIPlugin
2020-06-07 12:04:19,959 [INFO] PluginManager:200 - loadIPPluginJar : add spi
2020-06-07 12:04:19,961 [INFO] IPUIPlugin:65 - create IPUIPlugin
2020-06-07 12:04:19,961 [INFO] PluginManager:200 - loadIPPluginJar : add stm32_wpan
2020-06-07 12:04:19,962 [INFO] IPUIPlugin:65 - create IPUIPlugin
2020-06-07 12:04:19,962 [INFO] PluginManager:200 - loadIPPluginJar : add tim
2020-06-07 12:04:19,964 [INFO] IPUIPlugin:65 - create IPUIPlugin
2020-06-07 12:04:19,965 [INFO] PluginManager:200 - loadIPPluginJar : add touchsensing
2020-06-07 12:04:19,966 [INFO] IPUIPlugin:65 - create IPUIPlugin
2020-06-07 12:04:19,966 [INFO] PluginManager:200 - loadIPPluginJar : add tracer_emb
2020-06-07 12:04:19,967 [INFO] IPUIPlugin:65 - create IPUIPlugin
2020-06-07 12:04:19,967 [INFO] PluginManager:200 - loadIPPluginJar : add ts
2020-06-07 12:04:19,968 [INFO] IPUIPlugin:65 - create IPUIPlugin
2020-06-07 12:04:19,968 [INFO] PluginManager:200 - loadIPPluginJar : add tsc
2020-06-07 12:04:19,970 [INFO] IPUIPlugin:65 - create IPUIPlugin
2020-06-07 12:04:19,970 [INFO] PluginManager:200 - loadIPPluginJar : add ucpd
2020-06-07 12:04:19,972 [INFO] IPUIPlugin:65 - create IPUIPlugin
2020-06-07 12:04:19,972 [INFO] PluginManager:200 - loadIPPluginJar : add usart
2020-06-07 12:04:20,417 [INFO] BoardConnectionPanel:3472 - [DDR PANEL] STM32CubeIDE environment
2020-06-07 12:04:20,418 [INFO] MainDdrPanel:103 - [DDR PANEL] GETTER - cubeProgrammerPath is: null
2020-06-07 12:04:20,595 [FATAL] Updater:277 - Updater called before beeing initialized
2020-06-07 12:04:20,823 [FATAL] Updater:277 - Updater called before beeing initialized
2020-06-07 12:04:20,828 [INFO] PinOutPanel:1420 - setPackage(No Configuration,No Configuration)
2020-06-07 12:04:20,828 [FATAL] Updater:277 - Updater called before beeing initialized
2020-06-07 12:04:20,833 [INFO] BoardConnectionPanel:3472 - [DDR PANEL] STM32CubeIDE environment
2020-06-07 12:04:20,833 [INFO] MainDdrPanel:103 - [DDR PANEL] GETTER - cubeProgrammerPath is: C:\ST\STM32CubeIDE_1.3.0\STM32CubeIDE\plugins\com.st.stm32cube.ide.mcu.externaltools.cubeprogrammer.win32_1.3.0.202002181050\tools\bin
2020-06-07 12:04:20,837 [INFO] ProgrammerExecThread:148 - [ProgrammerAPI] CubeProgrammer command construction: C:\ST\STM32CubeIDE_1.3.0\STM32CubeIDE\plugins\com.st.stm32cube.ide.mcu.externaltools.cubeprogrammer.win32_1.3.0.202002181050\tools\bin\STM32_Programmer_CLI.exe -l
2020-06-07 12:04:20,936 [INFO] MainDdrPanel:93 - [DDR PANEL] SETTER - Set cubeProgrammerPath to: C:\ST\STM32CubeIDE_1.3.0\STM32CubeIDE\plugins\com.st.stm32cube.ide.mcu.externaltools.cubeprogrammer.win32_1.3.0.202002181050\tools\bin
2020-06-07 12:04:20,943 [INFO] Updater:886 - Updater Version found : 5.6.0
2020-06-07 12:04:20,969 [INFO] ApplicationProperties:181 - Using Application install path: C:\ST\STM32CubeIDE_1.3.0\STM32CubeIDE\plugins\com.st.stm32cube.common.mx_5.6.0.202002181639
2020-06-07 12:04:21,186 [INFO] MainUpdater:2230 - connection check result : 10
2020-06-07 12:04:21,187 [INFO] MainUpdater:2874 - Updater definition file requires update
2020-06-07 12:04:21,188 [INFO] MainUpdater:236 - Updater Check For Update Now.
2020-06-07 12:04:21,188 [INFO] MicroXplorer:420 - Change Database Version : DB.5.0.60
2020-06-07 12:04:21,215 [INFO] ServerAccessManage:348 - Download File updaters.zip
2020-06-07 12:04:21,267 [INFO] FileExtend:225 - Unzip File : updaters.zip
2020-06-07 12:04:21,267 [INFO] FileExtend:240 - Standard Zip Deflate
2020-06-07 12:04:21,491 [INFO] ServerAccessManage:348 - Download File PacksControlFlags.xml
2020-06-07 12:04:21,521 [INFO] ServerAccessManage:348 - Download File cubemx.pidx
2020-06-07 12:04:21,586 [INFO] LoadServerUpdatesThread:301 - End of LoadServerUpdate Thread
2020-06-07 12:04:21,625 [INFO] CheckServerUpdateThread:92 - End of CheckServer Thread
2020-06-07 12:04:21,797 [INFO] MainUpdater:2230 - connection check result : 10
2020-06-07 12:04:21,799 [INFO] LogOutputStream:76 - [STDOUT_REDIRECT] Successfull proxy connection.
2020-06-07 12:04:21,927 [INFO] McuFinderGlobals:40 - Set McuFinder mode to 2 (CubeIDE integrated)
2020-06-07 12:04:21,954 [INFO] FinderPluginLoader:86 - Searching for filters in installed packs
2020-06-07 12:04:21,955 [INFO] DbMcusXml:110 - Load MCU database from C:\ST\STM32CubeIDE_1.3.0\STM32CubeIDE\plugins\com.st.stm32cube.common.mx_5.6.0.202002181639\\db\/mcu/families.xml
2020-06-07 12:04:22,594 [INFO] DbMcusJson:90 - JSON generation date=Wed May 20 17:34:35 CEST 2020 (1589988875)
2020-06-07 12:04:22,763 [INFO] ThirdPartyDb:261 - Close Third Party DataBase File (C:/Users/Maria Bel/.stm32cubemx/plugins/thirdparty/db/thirdparties_db.xml)
2020-06-07 12:04:22,815 [INFO] IntegrityCheckThread:98 - End integrity checks thread
2020-06-07 12:04:23,314 [INFO] DbMcus:171 - Found 1670 MCUs (1625 are supported by CubeMX, 1625 are visible in CubeMX)
2020-06-07 12:04:23,315 [INFO] ApiDb:158 - Load user favorites file C:\Users\Maria Bel/.stm32cubeide/favorites.mcus.txt: 0 item(s)
2020-06-07 12:04:23,315 [INFO] ApiDb:163 - User favorites MCUs=[]
2020-06-07 12:04:23,315 [INFO] DbMcus:183 - Set 0 / 0 favorites MCUs
2020-06-07 12:04:23,796 [INFO] DbMcusAds:143 - JSON generation date=Thu Apr 30 15:50:56 CEST 2020 (1588254656)
2020-06-07 12:04:23,797 [INFO] LoadUrlFilesThread:161 - End of LoadServerUrlFiles without Thread
2020-06-07 12:04:23,814 [INFO] McuDetailPanel:181 - Set advertising image to C:/Users/Maria Bel/STM32Cube/Repository/\PR_STM32Cube_GitHub_0320_V1.png
2020-06-07 12:04:24,452 [INFO] ServerAccessManage:348 - Download File mcusAds.json._tmp_
2020-06-07 12:04:24,465 [INFO] LoadUrlFilesThread:134 - End of LoadUrlFiles Thread
2020-06-07 12:04:24,663 [INFO] ServerAccessManage:348 - Download File mcusDocs.json._tmp_
2020-06-07 12:04:24,702 [INFO] LoadUrlFilesThread:134 - End of LoadUrlFiles Thread
2020-06-07 12:04:24,890 [INFO] ServerAccessManage:348 - Download File mcusFeaturesAndDescription.json._tmp_
2020-06-07 12:04:25,686 [INFO] LoadUrlFilesThread:134 - End of LoadUrlFiles Thread
2020-06-07 12:04:25,806 [INFO] ServerAccessManage:348 - Download File boardsDocs.json._tmp_
2020-06-07 12:04:25,846 [INFO] LoadUrlFilesThread:134 - End of LoadUrlFiles Thread
2020-06-07 12:04:25,956 [INFO] ServerAccessManage:348 - Download File boards.json._tmp_
2020-06-07 12:04:26,003 [INFO] LoadUrlFilesThread:134 - End of LoadUrlFiles Thread
2020-06-07 12:04:26,180 [INFO] ServerAccessManage:348 - Download File crdb.zip
2020-06-07 12:04:26,379 [INFO] FileExtend:225 - Unzip File : crdb.zip
2020-06-07 12:04:26,380 [INFO] FileExtend:240 - Standard Zip Deflate
2020-06-07 12:04:26,420 [INFO] LoadUrlFilesThread:134 - End of LoadUrlFiles Thread
2020-06-07 12:04:26,422 [INFO] DbMcusAds:143 - JSON generation date=Thu Apr 30 15:50:56 CEST 2020 (1588254656)
2020-06-07 12:04:26,427 [INFO] DbMcusDocs:142 - JSON generation date=Wed Jun 03 17:10:31 CEST 2020 (1591197031)
2020-06-07 12:04:26,561 [INFO] DbMcusDocs:77 - Found 580 MCUs documents
2020-06-07 12:04:26,562 [INFO] ApiDb:186 - Save user favorites file C:\Users\Maria Bel/.stm32cubeide/favorites.mcus.txt: 0 item(s)
2020-06-07 12:04:26,562 [INFO] ApiDb:191 - User favorites MCUs=[]
2020-06-07 12:04:26,562 [INFO] DbMcusXml:110 - Load MCU database from C:\ST\STM32CubeIDE_1.3.0\STM32CubeIDE\plugins\com.st.stm32cube.common.mx_5.6.0.202002181639\\db\/mcu/families.xml
2020-06-07 12:04:26,943 [INFO] DbMcusJson:90 - JSON generation date=Wed Jun 03 17:10:31 CEST 2020 (1591197031)
2020-06-07 12:04:27,533 [INFO] DbMcus:171 - Found 1670 MCUs (1625 are supported by CubeMX, 1625 are visible in CubeMX)
2020-06-07 12:04:27,534 [INFO] ApiDb:158 - Load user favorites file C:\Users\Maria Bel/.stm32cubeide/favorites.mcus.txt: 0 item(s)
2020-06-07 12:04:27,535 [INFO] ApiDb:163 - User favorites MCUs=[]
2020-06-07 12:04:27,535 [INFO] DbMcus:183 - Set 0 / 0 favorites MCUs
2020-06-07 12:04:27,607 [INFO] McuFilterPanel:249 - Update 0 favorites MCUs
2020-06-07 12:04:27,767 [INFO] DbBoardsDocs:131 - JSON generation date=Wed Jun 03 17:10:31 CEST 2020 (1591197031)
2020-06-07 12:04:27,777 [INFO] DbBoardsPdsc:92 - Found 22 items
2020-06-07 12:04:27,778 [INFO] DbBoardsPdsc:92 - Found 9 items
2020-06-07 12:04:27,780 [INFO] DbBoardsPdsc:92 - Found 28 items
2020-06-07 12:04:27,781 [INFO] DbBoardsPdsc:92 - Found 1 items
2020-06-07 12:04:27,784 [INFO] DbBoardsPdsc:92 - Found 40 items
2020-06-07 12:04:27,788 [INFO] DbBoardsPdsc:92 - Found 39 items
2020-06-07 12:04:27,789 [INFO] DbBoardsPdsc:92 - Found 2 items
2020-06-07 12:04:27,790 [INFO] DbBoardsPdsc:92 - Found 4 items
2020-06-07 12:04:27,794 [WARN] DbBoardsPdsc:256 - Board STM32H7B3I-DK: unknown feature type=Audio, name=, username=Audio stereo codec with Headphone Amp (CS42L51-CNZ), n=1
2020-06-07 12:04:27,794 [WARN] DbBoardsPdsc:256 - Board STM32H7B3I-DK: unknown feature type=WIFI, name=, username=WIFI 802.11 b/g/n, n=1
2020-06-07 12:04:27,795 [WARN] DbBoardsPdsc:256 - Board STM32H7B3I-EVAL: unknown feature type=Audio, name=, username=Multi-Channel Audio Codec (CS42L51-CNZ), n=1
2020-06-07 12:04:27,795 [WARN] DbBoardsPdsc:256 - Board STM32H7B3I-EVAL: unknown feature type=Meter, name=, username=Power-metering and Temperature-monitoring with sigma-delta modulators, n=1
2020-06-07 12:04:27,795 [WARN] DbBoardsPdsc:256 - Board STM32H7B3I-EVAL: unknown feature type=WIFI, name=, username=WIFI 802.11 a/b/g/n, n=1
2020-06-07 12:04:27,795 [WARN] DbBoardsPdsc:256 - Board STM32H7B3I-EVAL: unknown feature type=Motor, name=, username=Motor Control, n=1
2020-06-07 12:04:27,803 [INFO] DbBoardsJson:80 - JSON generation date=Wed May 20 13:36:55 CEST 2020 (1589974615)
2020-06-07 12:04:27,808 [INFO] DbBoards:120 - Found 145 boards (142 are supported by CubeMX)
2020-06-07 12:04:27,813 [INFO] DbBoardsDocs:131 - JSON generation date=Wed Jun 03 17:10:31 CEST 2020 (1591197031)
2020-06-07 12:04:27,824 [INFO] DbBoardsDocs:70 - Found 183 boards documents
2020-06-07 12:04:27,826 [WARN] DbBoards:130 - board NUCLEO-H743ZI2 has no document id list !
2020-06-07 12:04:27,827 [WARN] DbBoards:130 - board P-NUCLEO-WB55-Nucleo has no document id list !
2020-06-07 12:04:27,827 [WARN] DbBoards:130 - board P-NUCLEO-WB55-USBDongle has no document id list !
2020-06-07 12:04:27,827 [WARN] DbBoards:130 - board NUCLEO-WB35CE has no document id list !
2020-06-07 12:04:27,827 [WARN] DbBoards:130 - board STM32F401C-DISCO has no document id list !
2020-06-07 12:04:27,827 [WARN] DbBoards:130 - board STM32F769I-DISC1 has no document id list !
2020-06-07 12:04:27,827 [WARN] DbBoards:130 - board STM32L-DISCOVERY has no document id list !
2020-06-07 12:04:27,828 [WARN] DbBoards:130 - board STM32H747I-DISC1 has no document id list !
2020-06-07 12:04:27,828 [WARN] DbBoards:130 - board STM32MP157A-DK1 has no document id list !
2020-06-07 12:04:27,828 [WARN] DbBoards:130 - board STM32H743I-EVAL2 has no document id list !
2020-06-07 12:04:27,829 [WARN] DbBoards:130 - board STM32H753I-EVAL2 has no document id list !
2020-06-07 12:04:27,829 [WARN] DbBoards:130 - board STM32G474E-EVAL1 has no document id list !
2020-06-07 12:04:27,829 [WARN] DbBoards:130 - board STEVAL-BFA001V1B has no document id list !
2020-06-07 12:04:27,829 [WARN] DbBoards:130 - board STEVAL-BFA001V2B has no document id list !
2020-06-07 12:04:27,829 [WARN] DbBoards:130 - board STEVAL-MKSBOX1V1 has no document id list !
2020-06-07 12:04:27,829 [WARN] DbBoards:130 - board STEVAL-STWINKT1 has no document id list !
2020-06-07 12:04:27,829 [WARN] DbBoards:130 - board STEVAL-IDP005V1 has no document id list !
2020-06-07 12:04:27,829 [WARN] DbBoards:130 - board STEVAL-IDP005V2 has no document id list !
2020-06-07 12:04:28,745 [INFO] ApiDb:158 - Load user favorites file C:\Users\Maria Bel/.stm32cubeide/favorites.boards.txt: 0 item(s)
2020-06-07 12:04:28,745 [INFO] ApiDb:163 - User favorites Boards=[]
2020-06-07 12:04:28,745 [INFO] DbBoards:209 - Set 0 / 0 favorites Boards
2020-06-07 12:04:28,760 [INFO] DbBoardsDocs:70 - Found 366 boards documents
2020-06-07 12:04:28,760 [INFO] ApiDb:186 - Save user favorites file C:\Users\Maria Bel/.stm32cubeide/favorites.boards.txt: 0 item(s)
2020-06-07 12:04:28,760 [INFO] ApiDb:191 - User favorites Boards=[]
2020-06-07 12:04:28,764 [INFO] DbBoardsPdsc:92 - Found 22 items
2020-06-07 12:04:28,766 [INFO] DbBoardsPdsc:92 - Found 9 items
2020-06-07 12:04:28,768 [INFO] DbBoardsPdsc:92 - Found 28 items
2020-06-07 12:04:28,770 [INFO] DbBoardsPdsc:92 - Found 1 items
2020-06-07 12:04:28,774 [INFO] DbBoardsPdsc:92 - Found 40 items
2020-06-07 12:04:28,779 [INFO] DbBoardsPdsc:92 - Found 39 items
2020-06-07 12:04:28,780 [INFO] DbBoardsPdsc:92 - Found 2 items
2020-06-07 12:04:28,782 [INFO] DbBoardsPdsc:92 - Found 4 items
2020-06-07 12:04:28,784 [WARN] DbBoardsPdsc:256 - Board STM32H7B3I-DK: unknown feature type=Audio, name=, username=Audio stereo codec with Headphone Amp (CS42L51-CNZ), n=1
2020-06-07 12:04:28,784 [WARN] DbBoardsPdsc:256 - Board STM32H7B3I-DK: unknown feature type=WIFI, name=, username=WIFI 802.11 b/g/n, n=1
2020-06-07 12:04:28,786 [WARN] DbBoardsPdsc:256 - Board STM32H7B3I-EVAL: unknown feature type=Audio, name=, username=Multi-Channel Audio Codec (CS42L51-CNZ), n=1
2020-06-07 12:04:28,786 [WARN] DbBoardsPdsc:256 - Board STM32H7B3I-EVAL: unknown feature type=Meter, name=, username=Power-metering and Temperature-monitoring with sigma-delta modulators, n=1
2020-06-07 12:04:28,786 [WARN] DbBoardsPdsc:256 - Board STM32H7B3I-EVAL: unknown feature type=WIFI, name=, username=WIFI 802.11 a/b/g/n, n=1
2020-06-07 12:04:28,786 [WARN] DbBoardsPdsc:256 - Board STM32H7B3I-EVAL: unknown feature type=Motor, name=, username=Motor Control, n=1
2020-06-07 12:04:28,824 [INFO] DbBoardsJson:80 - JSON generation date=Wed May 20 13:36:55 CEST 2020 (1589974615)
2020-06-07 12:04:28,828 [INFO] DbBoards:120 - Found 145 boards (142 are supported by CubeMX)
2020-06-07 12:04:28,829 [WARN] DbBoards:130 - board NUCLEO-H743ZI2 has no document id list !
2020-06-07 12:04:28,830 [WARN] DbBoards:130 - board P-NUCLEO-WB55-Nucleo has no document id list !
2020-06-07 12:04:28,830 [WARN] DbBoards:130 - board P-NUCLEO-WB55-USBDongle has no document id list !
2020-06-07 12:04:28,830 [WARN] DbBoards:130 - board NUCLEO-WB35CE has no document id list !
2020-06-07 12:04:28,831 [WARN] DbBoards:130 - board STM32F401C-DISCO has no document id list !
2020-06-07 12:04:28,831 [WARN] DbBoards:130 - board STM32F769I-DISC1 has no document id list !
2020-06-07 12:04:28,832 [WARN] DbBoards:130 - board STM32L-DISCOVERY has no document id list !
2020-06-07 12:04:28,833 [WARN] DbBoards:130 - board STM32H747I-DISC1 has no document id list !
2020-06-07 12:04:28,833 [WARN] DbBoards:130 - board STM32MP157A-DK1 has no document id list !
2020-06-07 12:04:28,834 [WARN] DbBoards:130 - board STM32H743I-EVAL2 has no document id list !
2020-06-07 12:04:28,835 [WARN] DbBoards:130 - board STM32H753I-EVAL2 has no document id list !
2020-06-07 12:04:28,835 [WARN] DbBoards:130 - board STM32G474E-EVAL1 has no document id list !
2020-06-07 12:04:28,835 [WARN] DbBoards:130 - board STEVAL-BFA001V1B has no document id list !
2020-06-07 12:04:28,836 [WARN] DbBoards:130 - board STEVAL-BFA001V2B has no document id list !
2020-06-07 12:04:28,836 [WARN] DbBoards:130 - board STEVAL-MKSBOX1V1 has no document id list !
2020-06-07 12:04:28,836 [WARN] DbBoards:130 - board STEVAL-STWINKT1 has no document id list !
2020-06-07 12:04:28,836 [WARN] DbBoards:130 - board STEVAL-IDP005V1 has no document id list !
2020-06-07 12:04:28,836 [WARN] DbBoards:130 - board STEVAL-IDP005V2 has no document id list !
2020-06-07 12:04:29,520 [INFO] ApiDb:158 - Load user favorites file C:\Users\Maria Bel/.stm32cubeide/favorites.boards.txt: 0 item(s)
2020-06-07 12:04:29,520 [INFO] ApiDb:163 - User favorites Boards=[]
2020-06-07 12:04:29,520 [INFO] DbBoards:209 - Set 0 / 0 favorites Boards
2020-06-07 12:04:29,624 [INFO] LoadUrlFilesThread:161 - End of LoadServerUrlFiles without Thread
2020-06-07 12:04:29,624 [INFO] MultiScanPanel:739 - Refresh data is succesful
2020-06-07 12:04:29,625 [INFO] McuFilterPanel:249 - Update 0 favorites MCUs
2020-06-07 12:04:29,742 [INFO] LoadUrlFilesThread:161 - End of LoadServerUrlFiles without Thread
2020-06-07 12:04:29,742 [INFO] BoardDetailPanel:180 - Set advertising image to C:/Users/Maria Bel/STM32Cube/Repository/\PR_STM32Cube_GitHub_0320_V1.png
2020-06-07 12:04:29,764 [INFO] BoardFilterPanel:211 - Update 0 favorites Boards
2020-06-07 12:04:29,949 [INFO] CrossSelectorPresenter:1319 - Cross Selector saved comparison directory: C:\Users\Maria Bel\.stmcufinder\plugins\mcufinder\mcu\cs_comparisons_mx
